<?xml version="1.0" encoding="UTF-8"?>
<testsuite xmlns:xsi="http://www.w3.org/2001/XMLSchema-instance" xsi:noNamespaceSchemaLocation="https://maven.apache.org/surefire/maven-surefire-plugin/xsd/surefire-test-report-3.0.xsd" version="3.0" name="com.biblioteca.GestionUsuariosTest" time="0.636" tests="3" errors="0" skipped="0" failures="0">
  <properties>
    <property name="java.specification.version" value="17"/>
    <property name="sun.jnu.encoding" value="UTF-8"/>
    <property name="java.class.path" value="/home/thinkpademi/IdeaProjects/programacion-2-trabajo-practico-3-emilianomassolin/sistema-biblioteca/target/test-classes:/home/thinkpademi/IdeaProjects/programacion-2-trabajo-practico-3-emilianomassolin/sistema-biblioteca/target/classes:/home/thinkpademi/.m2/repository/junit/junit/4.13.2/junit-4.13.2.jar:/home/thinkpademi/.m2/repository/org/hamcrest/hamcrest-core/1.3/hamcrest-core-1.3.jar:/home/thinkpademi/.m2/repository/org/junit/jupiter/junit-jupiter/5.13.0-M2/junit-jupiter-5.13.0-M2.jar:/home/thinkpademi/.m2/repository/org/junit/jupiter/junit-jupiter-api/5.13.0-M2/junit-jupiter-api-5.13.0-M2.jar:/home/thinkpademi/.m2/repository/org/opentest4j/opentest4j/1.3.0/opentest4j-1.3.0.jar:/home/thinkpademi/.m2/repository/org/junit/platform/junit-platform-commons/1.13.0-M2/junit-platform-commons-1.13.0-M2.jar:/home/thinkpademi/.m2/repository/org/apiguardian/apiguardian-api/1.1.2/apiguardian-api-1.1.2.jar:/home/thinkpademi/.m2/repository/org/junit/jupiter/junit-jupiter-params/5.13.0-M2/junit-jupiter-params-5.13.0-M2.jar:/home/thinkpademi/.m2/repository/org/junit/jupiter/junit-jupiter-engine/5.13.0-M2/junit-jupiter-engine-5.13.0-M2.jar:/home/thinkpademi/.m2/repository/org/junit/platform/junit-platform-engine/1.13.0-M2/junit-platform-engine-1.13.0-M2.jar:/home/thinkpademi/.m2/repository/org/mockito/mockito-core/5.12.0/mockito-core-5.12.0.jar:/home/thinkpademi/.m2/repository/net/bytebuddy/byte-buddy/1.14.15/byte-buddy-1.14.15.jar:/home/thinkpademi/.m2/repository/net/bytebuddy/byte-buddy-agent/1.14.15/byte-buddy-agent-1.14.15.jar:/home/thinkpademi/.m2/repository/org/objenesis/objenesis/3.3/objenesis-3.3.jar:/home/thinkpademi/.m2/repository/org/mockito/mockito-junit-jupiter/5.12.0/mockito-junit-jupiter-5.12.0.jar:"/>
    <property name="java.vm.vendor" value="Oracle Corporation"/>
    <property name="sun.arch.data.model" value="64"/>
    <property name="java.vendor.url" value="https://java.oracle.com/"/>
    <property name="user.timezone" value="America/Argentina/Mendoza"/>
    <property name="os.name" value="Linux"/>
    <property name="java.vm.specification.version" value="17"/>
    <property name="sun.java.launcher" value="SUN_STANDARD"/>
    <property name="user.country" value="ES"/>
    <property name="sun.boot.library.path" value="/usr/lib/jvm/jdk-17.0.12-oracle-x64/lib"/>
    <property name="sun.java.command" value="/home/thinkpademi/IdeaProjects/programacion-2-trabajo-practico-3-emilianomassolin/sistema-biblioteca/target/surefire/surefirebooter-20250429110319508_3.jar /home/thinkpademi/IdeaProjects/programacion-2-trabajo-practico-3-emilianomassolin/sistema-biblioteca/target/surefire 2025-04-29T11-03-19_202-jvmRun1 surefire-20250429110319508_1tmp surefire_0-20250429110319508_2tmp"/>
    <property name="jdk.debug" value="release"/>
    <property name="surefire.test.class.path" value="/home/thinkpademi/IdeaProjects/programacion-2-trabajo-practico-3-emilianomassolin/sistema-biblioteca/target/test-classes:/home/thinkpademi/IdeaProjects/programacion-2-trabajo-practico-3-emilianomassolin/sistema-biblioteca/target/classes:/home/thinkpademi/.m2/repository/junit/junit/4.13.2/junit-4.13.2.jar:/home/thinkpademi/.m2/repository/org/hamcrest/hamcrest-core/1.3/hamcrest-core-1.3.jar:/home/thinkpademi/.m2/repository/org/junit/jupiter/junit-jupiter/5.13.0-M2/junit-jupiter-5.13.0-M2.jar:/home/thinkpademi/.m2/repository/org/junit/jupiter/junit-jupiter-api/5.13.0-M2/junit-jupiter-api-5.13.0-M2.jar:/home/thinkpademi/.m2/repository/org/opentest4j/opentest4j/1.3.0/opentest4j-1.3.0.jar:/home/thinkpademi/.m2/repository/org/junit/platform/junit-platform-commons/1.13.0-M2/junit-platform-commons-1.13.0-M2.jar:/home/thinkpademi/.m2/repository/org/apiguardian/apiguardian-api/1.1.2/apiguardian-api-1.1.2.jar:/home/thinkpademi/.m2/repository/org/junit/jupiter/junit-jupiter-params/5.13.0-M2/junit-jupiter-params-5.13.0-M2.jar:/home/thinkpademi/.m2/repository/org/junit/jupiter/junit-jupiter-engine/5.13.0-M2/junit-jupiter-engine-5.13.0-M2.jar:/home/thinkpademi/.m2/repository/org/junit/platform/junit-platform-engine/1.13.0-M2/junit-platform-engine-1.13.0-M2.jar:/home/thinkpademi/.m2/repository/org/mockito/mockito-core/5.12.0/mockito-core-5.12.0.jar:/home/thinkpademi/.m2/repository/net/bytebuddy/byte-buddy/1.14.15/byte-buddy-1.14.15.jar:/home/thinkpademi/.m2/repository/net/bytebuddy/byte-buddy-agent/1.14.15/byte-buddy-agent-1.14.15.jar:/home/thinkpademi/.m2/repository/org/objenesis/objenesis/3.3/objenesis-3.3.jar:/home/thinkpademi/.m2/repository/org/mockito/mockito-junit-jupiter/5.12.0/mockito-junit-jupiter-5.12.0.jar:"/>
    <property name="sun.cpu.endian" value="little"/>
    <property name="user.home" value="/home/thinkpademi"/>
    <property name="user.language" value="es"/>
    <property name="java.specification.vendor" value="Oracle Corporation"/>
    <property name="java.version.date" value="2024-07-16"/>
    <property name="java.home" value="/usr/lib/jvm/jdk-17.0.12-oracle-x64"/>
    <property name="file.separator" value="/"/>
    <property name="basedir" value="/home/thinkpademi/IdeaProjects/programacion-2-trabajo-practico-3-emilianomassolin/sistema-biblioteca"/>
    <property name="java.vm.compressedOopsMode" value="Zero based"/>
    <property name="line.separator" value="&#10;"/>
    <property name="java.vm.specification.vendor" value="Oracle Corporation"/>
    <property name="java.specification.name" value="Java Platform API Specification"/>
    <property name="surefire.real.class.path" value="/home/thinkpademi/IdeaProjects/programacion-2-trabajo-practico-3-emilianomassolin/sistema-biblioteca/target/surefire/surefirebooter-20250429110319508_3.jar"/>
    <property name="sun.management.compiler" value="HotSpot 64-Bit Tiered Compilers"/>
    <property name="java.runtime.version" value="17.0.12+8-LTS-286"/>
    <property name="user.name" value="thinkpademi"/>
    <property name="path.separator" value=":"/>
    <property name="os.version" value="6.11.0-24-generic"/>
    <property name="java.runtime.name" value="Java(TM) SE Runtime Environment"/>
    <property name="file.encoding" value="UTF-8"/>
    <property name="java.vm.name" value="Java HotSpot(TM) 64-Bit Server VM"/>
    <property name="localRepository" value="/home/thinkpademi/.m2/repository"/>
    <property name="java.vendor.url.bug" value="https://bugreport.java.com/bugreport/"/>
    <property name="java.io.tmpdir" value="/tmp"/>
    <property name="java.version" value="17.0.12"/>
    <property name="user.dir" value="/home/thinkpademi/IdeaProjects/programacion-2-trabajo-practico-3-emilianomassolin/sistema-biblioteca"/>
    <property name="os.arch" value="amd64"/>
    <property name="java.vm.specification.name" value="Java Virtual Machine Specification"/>
    <property name="native.encoding" value="UTF-8"/>
    <property name="java.library.path" value="/usr/java/packages/lib:/usr/lib64:/lib64:/lib:/usr/lib"/>
    <property name="java.vm.info" value="mixed mode, sharing"/>
    <property name="java.vendor" value="Oracle Corporation"/>
    <property name="java.vm.version" value="17.0.12+8-LTS-286"/>
    <property name="sun.io.unicode.encoding" value="UnicodeLittle"/>
    <property name="java.class.version" value="61.0"/>
  </properties>
  <testcase name="testRegistrarPrestamoUsuarioInexistente" classname="com.biblioteca.GestionUsuariosTest" time="0.576"/>
  <testcase name="testRegistrarUsuarioYaExistente" classname="com.biblioteca.GestionUsuariosTest" time="0.005"/>
  <testcase name="testRegistrarPrestamo" classname="com.biblioteca.GestionUsuariosTest" time="0.036"/>
</testsuite>